Logfile initialized
[INFO] logfile = /home/andrew/Dropbox/IDP/WheresMyStuff/build.log
[DEBUG] /home/andrew/.titanium/mobilesdk/linux/2.1.2.GA/android/builder.py install WheresMyStuff /home/andrew/android-sdk-linux /home/andrew/Dropbox/IDP/WheresMyStuff com.fantastic4.wheresmystuff 12
[INFO] Titanium SDK version: 2.1.2 (08/24/12 14:46 ed7f777)
[DEBUG] Waiting for device to be ready ...
[TRACE] adb devices returned 0 devices/emulators
[TRACE] adb devices returned 0 devices/emulators
[TRACE] adb devices returned 0 devices/emulators
[TRACE] adb devices returned 0 devices/emulators
[TRACE] adb devices returned 1 devices/emulators
[DEBUG] Device connected... (waited 20 seconds)
[DEBUG] waited 23.127920 seconds on emulator to get ready
[INFO] Waiting for the Android Emulator to become available
[DEBUG] com.fantastic4.wheresmystuff installed? False
[INFO] Copying CommonJS modules...
[INFO] Copying project resources..
[INFO] Detected change in tiapp.xml, or assets deleted. Forcing full re-build...
[TRACE] COPYING CREATED FILE: /home/andrew/Dropbox/IDP/WheresMyStuff/Resources/app.js => /home/andrew/Dropbox/IDP/WheresMyStuff/build/android/bin/assets/Resources/app.js
[TRACE] COPYING CREATED FILE: /home/andrew/Dropbox/IDP/WheresMyStuff/Resources/KS_nav_ui.png => /home/andrew/Dropbox/IDP/WheresMyStuff/build/android/bin/assets/Resources/KS_nav_ui.png
[TRACE] COPYING CREATED FILE: /home/andrew/Dropbox/IDP/WheresMyStuff/Resources/ui/handheld/android/ApplicationWindow.js => /home/andrew/Dropbox/IDP/WheresMyStuff/build/android/bin/assets/Resources/ui/handheld/android/ApplicationWindow.js
[TRACE] COPYING CREATED FILE: /home/andrew/Dropbox/IDP/WheresMyStuff/Resources/ui/handheld/ApplicationWindow.js => /home/andrew/Dropbox/IDP/WheresMyStuff/build/android/bin/assets/Resources/ui/handheld/ApplicationWindow.js
[TRACE] COPYING CREATED FILE: /home/andrew/Dropbox/IDP/WheresMyStuff/Resources/ui/common/FirstView.js => /home/andrew/Dropbox/IDP/WheresMyStuff/build/android/bin/assets/Resources/ui/common/FirstView.js
[TRACE] COPYING CREATED FILE: /home/andrew/Dropbox/IDP/WheresMyStuff/Resources/ui/tablet/ApplicationWindow.js => /home/andrew/Dropbox/IDP/WheresMyStuff/build/android/bin/assets/Resources/ui/tablet/ApplicationWindow.js
[TRACE] COPYING CREATED FILE: /home/andrew/Dropbox/IDP/WheresMyStuff/Resources/images/search.png => /home/andrew/Dropbox/IDP/WheresMyStuff/build/android/bin/assets/Resources/images/search.png
[TRACE] COPYING CREATED FILE: /home/andrew/Dropbox/IDP/WheresMyStuff/Resources/images/search.jpg => /home/andrew/Dropbox/IDP/WheresMyStuff/build/android/bin/assets/Resources/images/search.jpg
[TRACE] COPYING CREATED FILE: /home/andrew/Dropbox/IDP/WheresMyStuff/Resources/images/profilePage.jpg => /home/andrew/Dropbox/IDP/WheresMyStuff/build/android/bin/assets/Resources/images/profilePage.jpg
[TRACE] COPYING CREATED FILE: /home/andrew/Dropbox/IDP/WheresMyStuff/Resources/images/add.jpg => /home/andrew/Dropbox/IDP/WheresMyStuff/build/android/bin/assets/Resources/images/add.jpg
[TRACE] COPYING CREATED FILE: /home/andrew/Dropbox/IDP/WheresMyStuff/Resources/images/add_item.jpg => /home/andrew/Dropbox/IDP/WheresMyStuff/build/android/bin/assets/Resources/images/add_item.jpg
[TRACE] COPYING CREATED FILE: /home/andrew/Dropbox/IDP/WheresMyStuff/Resources/images/profile.jpg => /home/andrew/Dropbox/IDP/WheresMyStuff/build/android/bin/assets/Resources/images/profile.jpg
[TRACE] COPYING CREATED FILE: /home/andrew/Dropbox/IDP/WheresMyStuff/Resources/images/add.png => /home/andrew/Dropbox/IDP/WheresMyStuff/build/android/bin/assets/Resources/images/add.png
[TRACE] COPYING CREATED FILE: /home/andrew/Dropbox/IDP/WheresMyStuff/Resources/images/Thumbs.db => /home/andrew/Dropbox/IDP/WheresMyStuff/build/android/bin/assets/Resources/images/Thumbs.db
[TRACE] COPYING CREATED FILE: /home/andrew/Dropbox/IDP/WheresMyStuff/Resources/images/camera.png => /home/andrew/Dropbox/IDP/WheresMyStuff/build/android/bin/assets/Resources/images/camera.png
[TRACE] COPYING CREATED FILE: /home/andrew/Dropbox/IDP/WheresMyStuff/Resources/images/home.png => /home/andrew/Dropbox/IDP/WheresMyStuff/build/android/bin/assets/Resources/images/home.png
[TRACE] COPYING CREATED FILE: /home/andrew/Dropbox/IDP/WheresMyStuff/Resources/images/camera.jpg => /home/andrew/Dropbox/IDP/WheresMyStuff/build/android/bin/assets/Resources/images/camera.jpg
[TRACE] COPYING CREATED FILE: /home/andrew/Dropbox/IDP/WheresMyStuff/Resources/images/profile.png => /home/andrew/Dropbox/IDP/WheresMyStuff/build/android/bin/assets/Resources/images/profile.png
[TRACE] COPYING CREATED FILE: /home/andrew/Dropbox/IDP/WheresMyStuff/Resources/android/appicon.png => /home/andrew/Dropbox/IDP/WheresMyStuff/build/android/bin/assets/Resources/appicon.png
[TRACE] COPYING CREATED FILE: /home/andrew/Dropbox/IDP/WheresMyStuff/Resources/android/default.png => /home/andrew/Dropbox/IDP/WheresMyStuff/build/android/bin/assets/Resources/default.png
[TRACE] COPYING CREATED FILE: /home/andrew/Dropbox/IDP/WheresMyStuff/Resources/KS_nav_views.png => /home/andrew/Dropbox/IDP/WheresMyStuff/build/android/bin/assets/Resources/KS_nav_views.png
[TRACE] Generating Java Classes
[DEBUG] Processing Android resource drawables
[DEBUG] app stylesheet => /home/andrew/Dropbox/IDP/WheresMyStuff/build/android/gen/com/fantastic4/wheresmystuff/ApplicationStylesheet.java
[DEBUG] copying app icon: /home/andrew/Dropbox/IDP/WheresMyStuff/build/android/bin/assets/Resources/appicon.png
[DEBUG] generating theme.xml
[DEBUG] found drawable-notlong-port-hdpi splash screen at /home/andrew/Dropbox/IDP/WheresMyStuff/Resources/android/images/res-notlong-port-hdpi/default.png
[DEBUG] copying /home/andrew/Dropbox/IDP/WheresMyStuff/Resources/android/images/res-notlong-port-hdpi/default.png splash screen to /home/andrew/Dropbox/IDP/WheresMyStuff/build/android/res/drawable-notlong-port-hdpi/background.png
[DEBUG] found drawable-notlong-port-mdpi splash screen at /home/andrew/Dropbox/IDP/WheresMyStuff/Resources/android/images/res-notlong-port-mdpi/default.png
[DEBUG] copying /home/andrew/Dropbox/IDP/WheresMyStuff/Resources/android/images/res-notlong-port-mdpi/default.png splash screen to /home/andrew/Dropbox/IDP/WheresMyStuff/build/android/res/drawable-notlong-port-mdpi/background.png
[DEBUG] found drawable-long-land-ldpi splash screen at /home/andrew/Dropbox/IDP/WheresMyStuff/Resources/android/images/res-long-land-ldpi/default.png
[DEBUG] copying /home/andrew/Dropbox/IDP/WheresMyStuff/Resources/android/images/res-long-land-ldpi/default.png splash screen to /home/andrew/Dropbox/IDP/WheresMyStuff/build/android/res/drawable-long-land-ldpi/background.png
[DEBUG] found drawable-long-port-ldpi splash screen at /home/andrew/Dropbox/IDP/WheresMyStuff/Resources/android/images/res-long-port-ldpi/default.png
[DEBUG] copying /home/andrew/Dropbox/IDP/WheresMyStuff/Resources/android/images/res-long-port-ldpi/default.png splash screen to /home/andrew/Dropbox/IDP/WheresMyStuff/build/android/res/drawable-long-port-ldpi/background.png
[DEBUG] found drawable-notlong-land-ldpi splash screen at /home/andrew/Dropbox/IDP/WheresMyStuff/Resources/android/images/res-notlong-land-ldpi/default.png
[DEBUG] copying /home/andrew/Dropbox/IDP/WheresMyStuff/Resources/android/images/res-notlong-land-ldpi/default.png splash screen to /home/andrew/Dropbox/IDP/WheresMyStuff/build/android/res/drawable-notlong-land-ldpi/background.png
[DEBUG] found drawable-notlong-land-mdpi splash screen at /home/andrew/Dropbox/IDP/WheresMyStuff/Resources/android/images/res-notlong-land-mdpi/default.png
[DEBUG] copying /home/andrew/Dropbox/IDP/WheresMyStuff/Resources/android/images/res-notlong-land-mdpi/default.png splash screen to /home/andrew/Dropbox/IDP/WheresMyStuff/build/android/res/drawable-notlong-land-mdpi/background.png
[DEBUG] found drawable-notlong-land-hdpi splash screen at /home/andrew/Dropbox/IDP/WheresMyStuff/Resources/android/images/res-notlong-land-hdpi/default.png
[DEBUG] copying /home/andrew/Dropbox/IDP/WheresMyStuff/Resources/android/images/res-notlong-land-hdpi/default.png splash screen to /home/andrew/Dropbox/IDP/WheresMyStuff/build/android/res/drawable-notlong-land-hdpi/background.png
[DEBUG] found drawable-notlong-port-ldpi splash screen at /home/andrew/Dropbox/IDP/WheresMyStuff/Resources/android/images/res-notlong-port-ldpi/default.png
[DEBUG] copying /home/andrew/Dropbox/IDP/WheresMyStuff/Resources/android/images/res-notlong-port-ldpi/default.png splash screen to /home/andrew/Dropbox/IDP/WheresMyStuff/build/android/res/drawable-notlong-port-ldpi/background.png
[DEBUG] found drawable-long-land-hdpi splash screen at /home/andrew/Dropbox/IDP/WheresMyStuff/Resources/android/images/res-long-land-hdpi/default.png
[DEBUG] copying /home/andrew/Dropbox/IDP/WheresMyStuff/Resources/android/images/res-long-land-hdpi/default.png splash screen to /home/andrew/Dropbox/IDP/WheresMyStuff/build/android/res/drawable-long-land-hdpi/background.png
[DEBUG] found drawable-long-port-hdpi splash screen at /home/andrew/Dropbox/IDP/WheresMyStuff/Resources/android/images/res-long-port-hdpi/default.png
[DEBUG] copying /home/andrew/Dropbox/IDP/WheresMyStuff/Resources/android/images/res-long-port-hdpi/default.png splash screen to /home/andrew/Dropbox/IDP/WheresMyStuff/build/android/res/drawable-long-port-hdpi/background.png
[DEBUG] found splash screen at /home/andrew/Dropbox/IDP/WheresMyStuff/build/android/bin/assets/Resources/default.png
[TRACE] Writing out AndroidManifest.xml
[DEBUG] adding /home/andrew/Dropbox/IDP/WheresMyStuff/build/android/gen/com/fantastic4/wheresmystuff/WheresmystuffActivity.java to javac build list
[DEBUG] adding /home/andrew/Dropbox/IDP/WheresMyStuff/build/android/gen/com/fantastic4/wheresmystuff/WheresmystuffApplication.java to javac build list
[DEBUG] adding /home/andrew/Dropbox/IDP/WheresMyStuff/build/android/gen/com/fantastic4/wheresmystuff/WheresmystuffAppInfo.java to javac build list
[DEBUG] adding /home/andrew/Dropbox/IDP/WheresMyStuff/build/android/gen/com/fantastic4/wheresmystuff/R.java to javac build list
[DEBUG] adding /home/andrew/Dropbox/IDP/WheresMyStuff/build/android/gen/com/fantastic4/wheresmystuff/ApplicationStylesheet.java to javac build list
[DEBUG] Building Java Sources: "/home/andrew/Dropbox/IDP/WheresMyStuff/build/android/gen/com/fantastic4/wheresmystuff/WheresmystuffActivity.java" "/home/andrew/Dropbox/IDP/WheresMyStuff/build/android/gen/com/fantastic4/wheresmystuff/WheresmystuffApplication.java" "/home/andrew/Dropbox/IDP/WheresMyStuff/build/android/gen/com/fantastic4/wheresmystuff/WheresmystuffAppInfo.java" "/home/andrew/Dropbox/IDP/WheresMyStuff/build/android/gen/com/fantastic4/wheresmystuff/R.java" "/home/andrew/Dropbox/IDP/WheresMyStuff/build/android/gen/com/fantastic4/wheresmystuff/ApplicationStylesheet.java"
[INFO] Compiling Android Resources... This could take some time
[DEBUG] Android classes.dex built
[DEBUG] creating unsigned apk: /home/andrew/Dropbox/IDP/WheresMyStuff/build/android/bin/app-unsigned.apk
[DEBUG] from resource zip => assets/Resources/images/add.jpg
[DEBUG] from resource zip => assets/Resources/images/add.png
[DEBUG] from resource zip => assets/Resources/images/add_item.jpg
[DEBUG] from resource zip => assets/Resources/images/camera.jpg
[DEBUG] from resource zip => assets/Resources/images/camera.png
[DEBUG] from resource zip => assets/Resources/images/home.png
[DEBUG] from resource zip => assets/Resources/images/profile.jpg
[DEBUG] from resource zip => assets/Resources/images/profile.png
[DEBUG] from resource zip => assets/Resources/images/profilePage.jpg
[DEBUG] from resource zip => assets/Resources/images/search.jpg
[DEBUG] from resource zip => assets/Resources/images/search.png
[DEBUG] from resource zip => assets/Resources/ui/common/FirstView.js
[DEBUG] from resource zip => assets/Resources/ui/handheld/android/ApplicationWindow.js
[DEBUG] from resource zip => assets/Resources/ui/handheld/ApplicationWindow.js
[DEBUG] from resource zip => assets/Resources/ui/tablet/ApplicationWindow.js
[DEBUG] from resource zip => assets/Resources/KS_nav_ui.png
[DEBUG] from resource zip => assets/Resources/KS_nav_views.png
[DEBUG] from resource zip => assets/Resources/app.js
[DEBUG] from resource zip => assets/Resources/appicon.png
[DEBUG] from resource zip => assets/Resources/default.png
[DEBUG] from resource zip => assets/app.json
[DEBUG] from resource zip => assets/index.json
[DEBUG] from resource zip => assets/tiapp.xml
[DEBUG] from resource zip => res/drawable/appicon.png
[DEBUG] from resource zip => res/drawable/background.png
[DEBUG] from resource zip => res/layout/titanium_tabgroup.xml
[DEBUG] from resource zip => AndroidManifest.xml
[DEBUG] from resource zip => resources.arsc
[DEBUG] from resource zip => res/drawable-long-land-hdpi/background.png
[DEBUG] from resource zip => res/drawable-long-land-ldpi/background.png
[DEBUG] from resource zip => res/drawable-long-port-hdpi/background.png
[DEBUG] from resource zip => res/drawable-long-port-ldpi/background.png
[DEBUG] from resource zip => res/drawable-notlong-land-hdpi/background.png
[DEBUG] from resource zip => res/drawable-notlong-land-ldpi/background.png
[DEBUG] from resource zip => res/drawable-notlong-land-mdpi/background.png
[DEBUG] from resource zip => res/drawable-notlong-port-hdpi/background.png
[DEBUG] from resource zip => res/drawable-notlong-port-ldpi/background.png
[DEBUG] from resource zip => res/drawable-notlong-port-mdpi/background.png
[DEBUG] from JAR /home/andrew/.titanium/mobilesdk/linux/2.1.2.GA/android/titanium.jar => org/appcelerator/titanium/build.properties
[DEBUG] from JAR /home/andrew/.titanium/mobilesdk/linux/2.1.2.GA/android/titanium.jar => org/appcelerator/titanium/res/drawable/background.png
[DEBUG] from JAR /home/andrew/.titanium/mobilesdk/linux/2.1.2.GA/android/titanium.jar => org/appcelerator/titanium/res/drawable/btn_check_buttonless_on.png
[DEBUG] from JAR /home/andrew/.titanium/mobilesdk/linux/2.1.2.GA/android/titanium.jar => org/appcelerator/titanium/res/drawable/btn_check_buttonless_on_18.png
[DEBUG] from JAR /home/andrew/.titanium/mobilesdk/linux/2.1.2.GA/android/titanium.jar => org/appcelerator/titanium/res/drawable/btn_check_buttonless_on_48.png
[DEBUG] from JAR /home/andrew/.titanium/mobilesdk/linux/2.1.2.GA/android/titanium.jar => org/appcelerator/titanium/res/drawable/btn_more.png
[DEBUG] from JAR /home/andrew/.titanium/mobilesdk/linux/2.1.2.GA/android/titanium.jar => org/appcelerator/titanium/res/drawable/btn_more_18.png
[DEBUG] from JAR /home/andrew/.titanium/mobilesdk/linux/2.1.2.GA/android/titanium.jar => org/appcelerator/titanium/res/drawable/btn_more_48.png
[DEBUG] from JAR /home/andrew/.titanium/mobilesdk/linux/2.1.2.GA/android/titanium.jar => org/appcelerator/titanium/res/drawable/btn_picker_normal.9.png
[DEBUG] from JAR /home/andrew/.titanium/mobilesdk/linux/2.1.2.GA/android/titanium.jar => org/appcelerator/titanium/res/drawable/btn_picker_pressed.9.png
[DEBUG] from JAR /home/andrew/.titanium/mobilesdk/linux/2.1.2.GA/android/titanium.jar => org/appcelerator/titanium/res/drawable/btn_picker_selected.9.png
[DEBUG] from JAR /home/andrew/.titanium/mobilesdk/linux/2.1.2.GA/android/titanium.jar => org/appcelerator/titanium/res/drawable/default_icon.png
[DEBUG] from JAR /home/andrew/.titanium/mobilesdk/linux/2.1.2.GA/android/titanium.jar => org/appcelerator/titanium/res/drawable/photoDefault.png
[DEBUG] from JAR /home/andrew/.titanium/mobilesdk/linux/2.1.2.GA/android/modules/titanium-ui.jar => ti/modules/titanium/ui/widget/webview/binding.js
[DEBUG] from JAR /home/andrew/.titanium/mobilesdk/linux/2.1.2.GA/android/modules/titanium-ui.jar => ti/modules/titanium/ui/widget/webview/binding.min.js
[DEBUG] from JAR /home/andrew/.titanium/mobilesdk/linux/2.1.2.GA/android/modules/titanium-ui.jar => ti/modules/titanium/ui/widget/webview/json2.js
[DEBUG] from JAR /home/andrew/.titanium/mobilesdk/linux/2.1.2.GA/android/modules/titanium-ui.jar => ti/modules/titanium/ui/widget/webview/polling.js
[DEBUG] from JAR /home/andrew/.titanium/mobilesdk/linux/2.1.2.GA/android/modules/titanium-ui.jar => ti/modules/titanium/ui/widget/webview/polling.min.js
[DEBUG] installing native SDK libs
[DEBUG] Waiting for device to be ready ...
[TRACE] adb devices returned 1 devices/emulators
[DEBUG] Device connected... (waited 0 seconds)
[DEBUG] waited 0.003198 seconds on emulator to get ready
[INFO] Installing application on device
[INFO] Application installed. Launch from drawer on Home Screen
